<?xml version="1.0" encoding="UTF-8"?>
<!-- Generated by org.testng.reporters.JUnitReportReporter -->
<testsuite hostname="L34481WIN" name="com.pega.cdci.TestClass" tests="2" failures="0" timestamp="20 Jul 2020 12:25:07 GMT" time="8.106" errors="0">
  <testcase name="test1" time="8.102" classname="com.pega.cdci.TestClass"/>
  <testcase name="test2" time="0.004" classname="com.pega.cdci.TestClass"/>
</testsuite> <!-- com.pega.cdci.TestClass -->
