<?xml version="1.0" encoding="UTF-8"?>
<!-- Generated by org.testng.reporters.JUnitReportReporter -->
<testsuite hostname="L34481WIN" name="com.pega.cdci.TestClass" tests="1" failures="0" timestamp="19 Jul 2020 14:59:36 GMT" time="6.690" errors="0">
  <testcase name="test1" time="6.690" classname="com.pega.cdci.TestClass"/>
</testsuite> <!-- com.pega.cdci.TestClass -->
